0 info it worked if it ends with ok
1 verbose cli [ 'C:\\Node\\io\\node.exe',
1 verbose cli   'C:\\Node\\io\\node_modules\\npm\\bin\\npm-cli.js',
1 verbose cli   'publish' ]
2 info using npm@2.14.3
3 info using node@v3.3.1
4 verbose publish [ '.' ]
5 silly cache add args [ '.', null ]
6 verbose cache add spec .
7 silly cache add parsed spec Result {
7 silly cache add   raw: '.',
7 silly cache add   scope: null,
7 silly cache add   name: null,
7 silly cache add   rawSpec: '.',
7 silly cache add   spec: 'C:\\Node\\number-formatter-master\\number-formatter-master',
7 silly cache add   type: 'directory' }
8 verbose addLocalDirectory C:\Users\IBM_ADMIN\AppData\Roaming\npm-cache\number-formatter\1.0.0\package.tgz not in flight; packing
9 verbose tar pack [ 'C:\\Users\\IBM_ADMIN\\AppData\\Roaming\\npm-cache\\number-formatter\\1.0.0\\package.tgz',
9 verbose tar pack   'C:\\Node\\number-formatter-master\\number-formatter-master' ]
10 verbose tarball C:\Users\IBM_ADMIN\AppData\Roaming\npm-cache\number-formatter\1.0.0\package.tgz
11 verbose folder C:\Node\number-formatter-master\number-formatter-master
12 info prepublish number-formatter@1.0.0
13 verbose addLocalTarball adding from inside cache C:\Users\IBM_ADMIN\AppData\Roaming\npm-cache\number-formatter\1.0.0\package.tgz
14 silly cache afterAdd number-formatter@1.0.0
15 verbose afterAdd C:\Users\IBM_ADMIN\AppData\Roaming\npm-cache\number-formatter\1.0.0\package\package.json not in flight; writing
16 verbose afterAdd C:\Users\IBM_ADMIN\AppData\Roaming\npm-cache\number-formatter\1.0.0\package\package.json written
17 silly publish { name: 'number-formatter',
17 silly publish   version: '1.0.0',
17 silly publish   description: 'number formatter',
17 silly publish   main: 'index.js',
17 silly publish   scripts: { test: 'mocha --reporter nyan' },
17 silly publish   repository:
17 silly publish    { type: 'git',
17 silly publish      url: 'git+https://github.com/prachetas/number-formatter.git' },
17 silly publish   author:
17 silly publish    { name: 'prachetas',
17 silly publish      email: 'prachetas786@gmail.com',
17 silly publish      url: 'https://github.com/prachetas' },
17 silly publish   license: 'MIT',
17 silly publish   bugs: { url: 'https://github.com/prachetas/number-formatter/issues' },
17 silly publish   homepage: 'https://github.com/prachetas/number-formatter#readme',
17 silly publish   devDependencies: { chai: '^3.5.0', mocha: '^2.5.3' },
17 silly publish   readme: 'Number Formatter\n=========\n\nA small library that adds commas to numbers\n\n## Installation\n\n  `npm install @jdaudier/number-formatter`\n\n## Usage\n\n    var numFormatter = require(\'@jdaudier/number-formatter\');\n\n    var formattedNum = numFormatter(35666);\n  \n  \n  Output should be `35,666`\n\n\n## Tests\n\n  `npm test`\n',
17 silly publish   readmeFilename: 'README.md',
17 silly publish   _id: 'number-formatter@1.0.0',
17 silly publish   _shasum: '85b29d5663760d7175154a3e5ee17815870ab259',
17 silly publish   _from: '.' }
18 verbose getPublishConfig undefined
19 silly mapToRegistry name number-formatter
20 silly mapToRegistry using default registry
21 silly mapToRegistry registry https://registry.npmjs.org/
22 silly mapToRegistry uri https://registry.npmjs.org/number-formatter
23 verbose publish registryBase https://registry.npmjs.org/
24 silly publish uploading C:\Users\IBM_ADMIN\AppData\Roaming\npm-cache\number-formatter\1.0.0\package.tgz
25 verbose request uri https://registry.npmjs.org/number-formatter
26 verbose request sending authorization for write operation
27 info attempt registry request try #1 at 12:48:00 PM
28 verbose request using bearer token for auth
29 verbose request id 041f3cb9d649754b
30 http request PUT https://registry.npmjs.org/number-formatter
31 http 403 https://registry.npmjs.org/number-formatter
32 verbose headers { 'content-type': 'application/json',
32 verbose headers   'cache-control': 'max-age=300',
32 verbose headers   'content-length': '110',
32 verbose headers   'accept-ranges': 'bytes',
32 verbose headers   date: 'Fri, 08 Jul 2016 07:17:50 GMT',
32 verbose headers   via: '1.1 varnish',
32 verbose headers   connection: 'keep-alive',
32 verbose headers   'x-served-by': 'cache-sin6924-SIN',
32 verbose headers   'x-cache': 'MISS',
32 verbose headers   'x-cache-hits': '0',
32 verbose headers   'x-timer': 'S1467962269.694206,VS0,VE849',
32 verbose headers   vary: 'Accept-Encoding' }
33 verbose request invalidating C:\Users\IBM_ADMIN\AppData\Roaming\npm-cache\registry.npmjs.org\number-formatter on PUT
34 error publish Failed PUT 403
35 verbose stack Error: you do not have permission to publish "number-formatter". Are you logged in as the correct user? : number-formatter
35 verbose stack     at makeError (C:\Node\io\node_modules\npm\node_modules\npm-registry-client\lib\request.js:263:12)
35 verbose stack     at CachingRegistryClient.<anonymous> (C:\Node\io\node_modules\npm\node_modules\npm-registry-client\lib\request.js:251:14)
35 verbose stack     at Request._callback (C:\Node\io\node_modules\npm\node_modules\npm-registry-client\lib\request.js:171:14)
35 verbose stack     at Request.self.callback (C:\Node\io\node_modules\npm\node_modules\request\request.js:198:22)
35 verbose stack     at emitTwo (events.js:87:13)
35 verbose stack     at Request.emit (events.js:172:7)
35 verbose stack     at Request.<anonymous> (C:\Node\io\node_modules\npm\node_modules\request\request.js:1073:14)
35 verbose stack     at emitOne (events.js:82:20)
35 verbose stack     at Request.emit (events.js:169:7)
35 verbose stack     at IncomingMessage.<anonymous> (C:\Node\io\node_modules\npm\node_modules\request\request.js:1019:12)
36 verbose statusCode 403
37 verbose pkgid number-formatter
38 verbose cwd C:\Node\number-formatter-master\number-formatter-master
39 error Windows_NT 6.1.7601
40 error argv "C:\\Node\\io\\node.exe" "C:\\Node\\io\\node_modules\\npm\\bin\\npm-cli.js" "publish"
41 error node v3.3.1
42 error npm  v2.14.3
43 error code E403
44 error you do not have permission to publish "number-formatter". Are you logged in as the correct user? : number-formatter
45 error If you need help, you may report this error at:
45 error     <https://github.com/npm/npm/issues>
46 verbose exit [ 1, true ]
